E:\VS2010\D3D\JLD3D11\BOX\DEBUG\BOX.EXE.INTERMEDIATE.MANIFEST
E:\VS2010\D3D\JLD3D11\Box\Debug\Box.write.1.tlog
E:\VS2010\D3D\JLD3D11\BOX\DEBUG\BOXDEMO.OBJ
E:\VS2010\D3D\JLD3D11\Box\Debug\cl.command.1.tlog
E:\VS2010\D3D\JLD3D11\Box\Debug\CL.read.1.tlog
E:\VS2010\D3D\JLD3D11\Box\Debug\CL.write.1.tlog
E:\VS2010\D3D\JLD3D11\BOX\DEBUG\D3DAPP.OBJ
E:\VS2010\D3D\JLD3D11\BOX\DEBUG\D3DUTIL.OBJ
E:\VS2010\D3D\JLD3D11\BOX\DEBUG\GAMETIMER.OBJ
E:\VS2010\D3D\JLD3D11\BOX\DEBUG\GEOMETRYGENERATOR.OBJ
E:\VS2010\D3D\JLD3D11\Box\Debug\link.command.1.tlog
E:\VS2010\D3D\JLD3D11\Box\Debug\link.read.1.tlog
E:\VS2010\D3D\JLD3D11\Box\Debug\link.write.1.tlog
E:\VS2010\D3D\JLD3D11\BOX\DEBUG\MATHHELPER.OBJ
E:\VS2010\D3D\JLD3D11\Box\Debug\mt.command.1.tlog
E:\VS2010\D3D\JLD3D11\Box\Debug\mt.read.1.tlog
E:\VS2010\D3D\JLD3D11\Box\Debug\mt.write.1.tlog
E:\VS2010\D3D\JLD3D11\Box\Debug\vc100.idb
E:\VS2010\D3D\JLD3D11\BOX\DEBUG\VC100.PDB
E:\VS2010\D3D\JLD3D11\DEBUG\BOX.EXE
E:\VS2010\D3D\JLD3D11\Debug\Box.exp
E:\VS2010\D3D\JLD3D11\DEBUG\BOX.ILK
E:\VS2010\D3D\JLD3D11\Debug\Box.lib
E:\VS2010\D3D\JLD3D11\DEBUG\BOX.PDB
