E:\VS2010\D3D\JLD3D11\DEBUG\HILLS.EXE
E:\VS2010\D3D\JLD3D11\Debug\Hills.exp
E:\VS2010\D3D\JLD3D11\DEBUG\HILLS.ILK
E:\VS2010\D3D\JLD3D11\Debug\Hills.lib
E:\VS2010\D3D\JLD3D11\DEBUG\HILLS.PDB
E:\VS2010\D3D\JLD3D11\Hills\Debug\cl.command.1.tlog
E:\VS2010\D3D\JLD3D11\Hills\Debug\CL.read.1.tlog
E:\VS2010\D3D\JLD3D11\Hills\Debug\CL.write.1.tlog
E:\VS2010\D3D\JLD3D11\Hills\Debug\custombuild.command.1.tlog
E:\VS2010\D3D\JLD3D11\Hills\Debug\custombuild.read.1.tlog
E:\VS2010\D3D\JLD3D11\Hills\Debug\custombuild.write.1.tlog
E:\VS2010\D3D\JLD3D11\HILLS\DEBUG\D3DAPP.OBJ
E:\VS2010\D3D\JLD3D11\HILLS\DEBUG\D3DUTIL.OBJ
E:\VS2010\D3D\JLD3D11\HILLS\DEBUG\GAMETIMER.OBJ
E:\VS2010\D3D\JLD3D11\HILLS\DEBUG\GEOMETRYGENERATOR.OBJ
E:\VS2010\D3D\JLD3D11\HILLS\DEBUG\HILLS.EXE.INTERMEDIATE.MANIFEST
E:\VS2010\D3D\JLD3D11\Hills\Debug\Hills.write.1.tlog
E:\VS2010\D3D\JLD3D11\HILLS\DEBUG\HILLSDEMO.OBJ
E:\VS2010\D3D\JLD3D11\Hills\Debug\link.command.1.tlog
E:\VS2010\D3D\JLD3D11\Hills\Debug\link.read.1.tlog
E:\VS2010\D3D\JLD3D11\Hills\Debug\link.write.1.tlog
E:\VS2010\D3D\JLD3D11\HILLS\DEBUG\MATHHELPER.OBJ
E:\VS2010\D3D\JLD3D11\Hills\Debug\mt.command.1.tlog
E:\VS2010\D3D\JLD3D11\Hills\Debug\mt.read.1.tlog
E:\VS2010\D3D\JLD3D11\Hills\Debug\mt.write.1.tlog
E:\VS2010\D3D\JLD3D11\Hills\Debug\vc100.idb
E:\VS2010\D3D\JLD3D11\HILLS\DEBUG\VC100.PDB
E:\VS2010\D3D\JLD3D11\HILLS\FX\COLOR.FXO
